<?xml version="1.0" encoding="UTF-8"?>
<testsuite xmlns:xsi="http://www.w3.org/2001/XMLSchema-instance" xsi:noNamespaceSchemaLocation="https://maven.apache.org/surefire/maven-surefire-plugin/xsd/surefire-test-report.xsd" name="ChangeUserDataTest" time="2.547" tests="4" errors="0" skipped="0" failures="0">
  <properties>
[...]
</properties>
  <testcase name="changeData401Test" classname="ChangeUserDataTest" time="0.334"/>
  <testcase name="changePasswordTest" classname="ChangeUserDataTest" time="0.772"/>
  <testcase name="changeNameTest" classname="ChangeUserDataTest" time="0.727"/>
  <testcase name="changeEmailTest" classname="ChangeUserDataTest" time="0.703"/>
</testsuite>